0 info it worked if it ends with ok
1 verbose cli [ '/usr/local/Cellar/node@6/6.10.0/bin/node',
1 verbose cli   '/usr/local/bin/npm',
1 verbose cli   'run',
1 verbose cli   'dev' ]
2 info using npm@3.10.10
3 info using node@v6.10.0
4 verbose run-script [ 'predev', 'dev', 'postdev' ]
5 info lifecycle pennies-transactions@1.0.0~predev: pennies-transactions@1.0.0
6 silly lifecycle pennies-transactions@1.0.0~predev: no script for predev, continuing
7 info lifecycle pennies-transactions@1.0.0~dev: pennies-transactions@1.0.0
8 verbose lifecycle pennies-transactions@1.0.0~dev: unsafe-perm in lifecycle true
9 verbose lifecycle pennies-transactions@1.0.0~dev: PATH: /usr/local/lib/node_modules/npm/bin/node-gyp-bin:/Users/rfa11/Projects/pennies/pennies-transactions/node_modules/.bin:/usr/local/Cellar/node@6/6.10.0/bin:/Users/rfa11/.rvm/gems/ruby-2.4.0/bin:/Users/rfa11/.rvm/gems/ruby-2.4.0@global/bin:/Users/rfa11/.rvm/rubies/ruby-2.4.0/bin:/usr/local/bin:/usr/local/sbin:/usr/bin:/bin:/usr/sbin:/sbin:/Users/rfa11/.rvm/bin
10 verbose lifecycle pennies-transactions@1.0.0~dev: CWD: /Users/rfa11/Projects/pennies/pennies-transactions
11 silly lifecycle pennies-transactions@1.0.0~dev: Args: [ '-c', 'nodemon express-api.js --exec babel-node' ]
12 info lifecycle pennies-transactions@1.0.0~dev: Failed to exec dev script
13 verbose stack Error: pennies-transactions@1.0.0 dev: `nodemon express-api.js --exec babel-node`
13 verbose stack spawn ENOENT
13 verbose stack     at ChildProcess.<anonymous> (/usr/local/lib/node_modules/npm/lib/utils/spawn.js:33:16)
13 verbose stack     at emitTwo (events.js:106:13)
13 verbose stack     at ChildProcess.emit (events.js:191:7)
13 verbose stack     at maybeClose (internal/child_process.js:877:16)
13 verbose stack     at Process.ChildProcess._handle.onexit (internal/child_process.js:226:5)
14 verbose pkgid pennies-transactions@1.0.0
15 verbose cwd /Users/rfa11/Projects/pennies/pennies-transactions
16 error Darwin 15.5.0
17 error argv "/usr/local/Cellar/node@6/6.10.0/bin/node" "/usr/local/bin/npm" "run" "dev"
18 error node v6.10.0
19 error npm  v3.10.10
20 error file sh
21 error code ELIFECYCLE
22 error errno ENOENT
23 error syscall spawn
24 error pennies-transactions@1.0.0 dev: `nodemon express-api.js --exec babel-node`
24 error spawn ENOENT
25 error Failed at the pennies-transactions@1.0.0 dev script 'nodemon express-api.js --exec babel-node'.
25 error Make sure you have the latest version of node.js and npm installed.
25 error If you do, this is most likely a problem with the pennies-transactions package,
25 error not with npm itself.
25 error Tell the author that this fails on your system:
25 error     nodemon express-api.js --exec babel-node
25 error You can get information on how to open an issue for this project with:
25 error     npm bugs pennies-transactions
25 error Or if that isn't available, you can get their info via:
25 error     npm owner ls pennies-transactions
25 error There is likely additional logging output above.
26 verbose exit [ 1, true ]
